[gateway-service] [] 2025-01-14 14:07:28 ERROR client:102 - Send request fail, request = ServiceListRequest{headers={accessToken=eyJhbGciOiJIUzUxMiJ9.eyJzdWIiOiJuYWNvcyIsImV4cCI6MTczNTQzMDYyMn0.MRRk5FsBlri1UTzhRi8u83fYTOmY_rLV8yw9upEJMHlbD9Jh2kGc_QsPV91QcKKS5elktS-XShfgo6plRAxR9Q, app=unknown}, requestId='null'}, retryTimes = 0, errorMessage = java.util.concurrent.TimeoutException: Waited 3000 milliseconds (plus 2 milliseconds, 72199 nanoseconds delay) for com.alibaba.nacos.shaded.io.grpc.stub.ClientCalls$GrpcFuture@26c9ad67[status=PENDING, info=[GrpcFuture{clientCall=ClientCallImpl{method=MethodDescriptor{fullMethodName=Request/request, type=UNARY, idempotent=false, safe=false, sampledToLocalTracing=true, requestMarshaller=com.alibaba.nacos.shaded.io.grpc.protobuf.lite.ProtoLiteUtils$MessageMarshaller@2b5bd5c4, responseMarshaller=com.alibaba.nacos.shaded.io.grpc.protobuf.lite.ProtoLiteUtils$MessageMarshaller@3594ce5c, schemaDescriptor=com.alibaba.nacos.api.grpc.auto.RequestGrpc$RequestMethodDescriptorSupplier@127848c4}}}]]
[gateway-service] [] 2025-01-14 14:07:28 ERROR client:102 - Send request fail, request = ServiceListRequest{headers={accessToken=eyJhbGciOiJIUzUxMiJ9.eyJzdWIiOiJuYWNvcyIsImV4cCI6MTczNTQzMDYyMn0.MRRk5FsBlri1UTzhRi8u83fYTOmY_rLV8yw9upEJMHlbD9Jh2kGc_QsPV91QcKKS5elktS-XShfgo6plRAxR9Q, app=unknown}, requestId='null'}, retryTimes = 0, errorMessage = java.util.concurrent.TimeoutException: Waited 3000 milliseconds (plus 1 milliseconds, 847300 nanoseconds delay) for com.alibaba.nacos.shaded.io.grpc.stub.ClientCalls$GrpcFuture@533a20fb[status=PENDING, info=[GrpcFuture{clientCall=ClientCallImpl{method=MethodDescriptor{fullMethodName=Request/request, type=UNARY, idempotent=false, safe=false, sampledToLocalTracing=true, requestMarshaller=com.alibaba.nacos.shaded.io.grpc.protobuf.lite.ProtoLiteUtils$MessageMarshaller@2b5bd5c4, responseMarshaller=com.alibaba.nacos.shaded.io.grpc.protobuf.lite.ProtoLiteUtils$MessageMarshaller@3594ce5c, schemaDescriptor=com.alibaba.nacos.api.grpc.auto.RequestGrpc$RequestMethodDescriptorSupplier@127848c4}}}]]
[gateway-service] [] 2025-01-14 14:07:28 ERROR client:102 - Send request fail, request = ServiceListRequest{headers={accessToken=eyJhbGciOiJIUzUxMiJ9.eyJzdWIiOiJuYWNvcyIsImV4cCI6MTczNTQzMDYyMn0.MRRk5FsBlri1UTzhRi8u83fYTOmY_rLV8yw9upEJMHlbD9Jh2kGc_QsPV91QcKKS5elktS-XShfgo6plRAxR9Q, app=unknown}, requestId='null'}, retryTimes = 0, errorMessage = java.util.concurrent.TimeoutException: Waited 3000 milliseconds (plus 2 milliseconds, 28201 nanoseconds delay) for com.alibaba.nacos.shaded.io.grpc.stub.ClientCalls$GrpcFuture@379920c9[status=PENDING, info=[GrpcFuture{clientCall=ClientCallImpl{method=MethodDescriptor{fullMethodName=Request/request, type=UNARY, idempotent=false, safe=false, sampledToLocalTracing=true, requestMarshaller=com.alibaba.nacos.shaded.io.grpc.protobuf.lite.ProtoLiteUtils$MessageMarshaller@2b5bd5c4, responseMarshaller=com.alibaba.nacos.shaded.io.grpc.protobuf.lite.ProtoLiteUtils$MessageMarshaller@3594ce5c, schemaDescriptor=com.alibaba.nacos.api.grpc.auto.RequestGrpc$RequestMethodDescriptorSupplier@127848c4}}}]]
[gateway-service] [] 2025-01-14 14:07:28 ERROR NacosReactiveDiscoveryClient:94 - get services from nacos server fail,
com.alibaba.nacos.api.exception.NacosException: java.util.concurrent.TimeoutException: Waited 3000 milliseconds (plus 1 milliseconds, 847300 nanoseconds delay) for com.alibaba.nacos.shaded.io.grpc.stub.ClientCalls$GrpcFuture@533a20fb[status=PENDING, info=[GrpcFuture{clientCall=ClientCallImpl{method=MethodDescriptor{fullMethodName=Request/request, type=UNARY, idempotent=false, safe=false, sampledToLocalTracing=true, requestMarshaller=com.alibaba.nacos.shaded.io.grpc.protobuf.lite.ProtoLiteUtils$MessageMarshaller@2b5bd5c4, responseMarshaller=com.alibaba.nacos.shaded.io.grpc.protobuf.lite.ProtoLiteUtils$MessageMarshaller@3594ce5c, schemaDescriptor=com.alibaba.nacos.api.grpc.auto.RequestGrpc$RequestMethodDescriptorSupplier@127848c4}}}]]
	at com.alibaba.nacos.common.remote.client.grpc.GrpcConnection.request(GrpcConnection.java:82) ~[nacos-client-2.3.2.jar:?]
	at com.alibaba.nacos.common.remote.client.RpcClient.request(RpcClient.java:646) ~[nacos-client-2.3.2.jar:?]
	at com.alibaba.nacos.common.remote.client.RpcClient.request(RpcClient.java:623) ~[nacos-client-2.3.2.jar:?]
	at com.alibaba.nacos.client.naming.remote.gprc.NamingGrpcClientProxy.requestToServer(NamingGrpcClientProxy.java:447) ~[nacos-client-2.3.2.jar:?]
	at com.alibaba.nacos.client.naming.remote.gprc.NamingGrpcClientProxy.getServiceList(NamingGrpcClientProxy.java:368) ~[nacos-client-2.3.2.jar:?]
	at com.alibaba.nacos.client.naming.remote.NamingClientProxyDelegate.getServiceList(NamingClientProxyDelegate.java:159) ~[nacos-client-2.3.2.jar:?]
	at com.alibaba.nacos.client.naming.NacosNamingService.getServicesOfServer(NacosNamingService.java:470) ~[nacos-client-2.3.2.jar:?]
	at com.alibaba.nacos.client.naming.NacosNamingService.getServicesOfServer(NacosNamingService.java:458) ~[nacos-client-2.3.2.jar:?]
	at com.alibaba.cloud.nacos.discovery.NacosServiceDiscovery.getServices(NacosServiceDiscovery.java:70) ~[spring-cloud-starter-alibaba-nacos-discovery-2023.0.1.0.jar:2023.0.1.0]
	at com.alibaba.cloud.nacos.discovery.reactive.NacosReactiveDiscoveryClient.lambda$getServices$3(NacosReactiveDiscoveryClient.java:87) ~[spring-cloud-starter-alibaba-nacos-discovery-2023.0.1.0.jar:2023.0.1.0]
	at reactor.core.publisher.FluxDefer.subscribe(FluxDefer.java:46) [reactor-core-3.6.6.jar:3.6.6]
	at reactor.core.publisher.FluxSubscribeOn$SubscribeOnSubscriber.run(FluxSubscribeOn.java:194) [reactor-core-3.6.6.jar:3.6.6]
	at reactor.core.scheduler.WorkerTask.call(WorkerTask.java:84) [reactor-core-3.6.6.jar:3.6.6]
	at reactor.core.scheduler.WorkerTask.call(WorkerTask.java:37) [reactor-core-3.6.6.jar:3.6.6]
	at java.base/java.util.concurrent.FutureTask.run(FutureTask.java:264) [?:?]
	at java.base/java.util.concurrent.ScheduledThreadPoolExecutor$ScheduledFutureTask.run(ScheduledThreadPoolExecutor.java:304) [?:?]
	at java.base/java.util.concurrent.ThreadPoolExecutor.runWorker(ThreadPoolExecutor.java:1136) [?:?]
	at java.base/java.util.concurrent.ThreadPoolExecutor$Worker.run(ThreadPoolExecutor.java:635) [?:?]
	at java.base/java.lang.Thread.run(Thread.java:833) [?:?]
Caused by: java.util.concurrent.TimeoutException: Waited 3000 milliseconds (plus 1 milliseconds, 847300 nanoseconds delay) for com.alibaba.nacos.shaded.io.grpc.stub.ClientCalls$GrpcFuture@533a20fb[status=PENDING, info=[GrpcFuture{clientCall=ClientCallImpl{method=MethodDescriptor{fullMethodName=Request/request, type=UNARY, idempotent=false, safe=false, sampledToLocalTracing=true, requestMarshaller=com.alibaba.nacos.shaded.io.grpc.protobuf.lite.ProtoLiteUtils$MessageMarshaller@2b5bd5c4, responseMarshaller=com.alibaba.nacos.shaded.io.grpc.protobuf.lite.ProtoLiteUtils$MessageMarshaller@3594ce5c, schemaDescriptor=com.alibaba.nacos.api.grpc.auto.RequestGrpc$RequestMethodDescriptorSupplier@127848c4}}}]]
	at com.alibaba.nacos.shaded.com.google.common.util.concurrent.AbstractFuture.get(AbstractFuture.java:531) ~[nacos-client-2.3.2.jar:?]
	at com.alibaba.nacos.common.remote.client.grpc.GrpcConnection.request(GrpcConnection.java:79) ~[nacos-client-2.3.2.jar:?]
	... 18 more
[gateway-service] [] 2025-01-14 14:07:28 ERROR NacosDiscoveryClient:86 - get service name from nacos server failed.
com.alibaba.nacos.api.exception.NacosException: java.util.concurrent.TimeoutException: Waited 3000 milliseconds (plus 2 milliseconds, 28201 nanoseconds delay) for com.alibaba.nacos.shaded.io.grpc.stub.ClientCalls$GrpcFuture@379920c9[status=PENDING, info=[GrpcFuture{clientCall=ClientCallImpl{method=MethodDescriptor{fullMethodName=Request/request, type=UNARY, idempotent=false, safe=false, sampledToLocalTracing=true, requestMarshaller=com.alibaba.nacos.shaded.io.grpc.protobuf.lite.ProtoLiteUtils$MessageMarshaller@2b5bd5c4, responseMarshaller=com.alibaba.nacos.shaded.io.grpc.protobuf.lite.ProtoLiteUtils$MessageMarshaller@3594ce5c, schemaDescriptor=com.alibaba.nacos.api.grpc.auto.RequestGrpc$RequestMethodDescriptorSupplier@127848c4}}}]]
	at com.alibaba.nacos.common.remote.client.grpc.GrpcConnection.request(GrpcConnection.java:82) ~[nacos-client-2.3.2.jar:?]
	at com.alibaba.nacos.common.remote.client.RpcClient.request(RpcClient.java:646) ~[nacos-client-2.3.2.jar:?]
	at com.alibaba.nacos.common.remote.client.RpcClient.request(RpcClient.java:623) ~[nacos-client-2.3.2.jar:?]
	at com.alibaba.nacos.client.naming.remote.gprc.NamingGrpcClientProxy.requestToServer(NamingGrpcClientProxy.java:447) ~[nacos-client-2.3.2.jar:?]
	at com.alibaba.nacos.client.naming.remote.gprc.NamingGrpcClientProxy.getServiceList(NamingGrpcClientProxy.java:368) ~[nacos-client-2.3.2.jar:?]
	at com.alibaba.nacos.client.naming.remote.NamingClientProxyDelegate.getServiceList(NamingClientProxyDelegate.java:159) ~[nacos-client-2.3.2.jar:?]
	at com.alibaba.nacos.client.naming.NacosNamingService.getServicesOfServer(NacosNamingService.java:470) ~[nacos-client-2.3.2.jar:?]
	at com.alibaba.nacos.client.naming.NacosNamingService.getServicesOfServer(NacosNamingService.java:458) ~[nacos-client-2.3.2.jar:?]
	at com.alibaba.cloud.nacos.discovery.NacosServiceDiscovery.getServices(NacosServiceDiscovery.java:70) ~[spring-cloud-starter-alibaba-nacos-discovery-2023.0.1.0.jar:2023.0.1.0]
	at com.alibaba.cloud.nacos.discovery.NacosDiscoveryClient.getServices(NacosDiscoveryClient.java:80) ~[spring-cloud-starter-alibaba-nacos-discovery-2023.0.1.0.jar:2023.0.1.0]
	at org.springframework.cloud.client.discovery.composite.CompositeDiscoveryClient.getServices(CompositeDiscoveryClient.java:68) ~[spring-cloud-commons-4.1.3.jar:4.1.3]
	at com.github.xiaoymin.knife4j.spring.gateway.discover.ServiceChangeListener.discover(ServiceChangeListener.java:49) ~[knife4j-gateway-spring-boot-starter-4.3.0.jar:?]
	at jdk.internal.reflect.GeneratedMethodAccessor96.invoke(Unknown Source) ~[?:?]
	at java.base/jdk.internal.reflect.DelegatingMethodAccessorImpl.invoke(DelegatingMethodAccessorImpl.java:43) ~[?:?]
	at java.base/java.lang.reflect.Method.invoke(Method.java:568) ~[?:?]
	at org.springframework.context.event.ApplicationListenerMethodAdapter.doInvoke(ApplicationListenerMethodAdapter.java:365) ~[spring-context-6.1.8.jar:6.1.8]
	at org.springframework.context.event.ApplicationListenerMethodAdapter.processEvent(ApplicationListenerMethodAdapter.java:237) ~[spring-context-6.1.8.jar:6.1.8]
	at org.springframework.context.event.ApplicationListenerMethodAdapter.onApplicationEvent(ApplicationListenerMethodAdapter.java:168) ~[spring-context-6.1.8.jar:6.1.8]
	at org.springframework.context.event.SimpleApplicationEventMulticaster.doInvokeListener(SimpleApplicationEventMulticaster.java:185) ~[spring-context-6.1.8.jar:6.1.8]
	at org.springframework.context.event.SimpleApplicationEventMulticaster.invokeListener(SimpleApplicationEventMulticaster.java:178) ~[spring-context-6.1.8.jar:6.1.8]
	at org.springframework.context.event.SimpleApplicationEventMulticaster.multicastEvent(SimpleApplicationEventMulticaster.java:156) ~[spring-context-6.1.8.jar:6.1.8]
	at org.springframework.context.support.AbstractApplicationContext.publishEvent(AbstractApplicationContext.java:451) ~[spring-context-6.1.8.jar:6.1.8]
	at org.springframework.context.support.AbstractApplicationContext.publishEvent(AbstractApplicationContext.java:384) ~[spring-context-6.1.8.jar:6.1.8]
	at org.springframework.cloud.gateway.route.RouteRefreshListener.reset(RouteRefreshListener.java:73) ~[spring-cloud-gateway-server-4.1.4.jar:4.1.4]
	at org.springframework.cloud.gateway.route.RouteRefreshListener.resetIfNeeded(RouteRefreshListener.java:68) ~[spring-cloud-gateway-server-4.1.4.jar:4.1.4]
	at org.springframework.cloud.gateway.route.RouteRefreshListener.onApplicationEvent(RouteRefreshListener.java:62) ~[spring-cloud-gateway-server-4.1.4.jar:4.1.4]
	at org.springframework.context.event.SimpleApplicationEventMulticaster.doInvokeListener(SimpleApplicationEventMulticaster.java:185) ~[spring-context-6.1.8.jar:6.1.8]
	at org.springframework.context.event.SimpleApplicationEventMulticaster.invokeListener(SimpleApplicationEventMulticaster.java:178) ~[spring-context-6.1.8.jar:6.1.8]
	at org.springframework.context.event.SimpleApplicationEventMulticaster.multicastEvent(SimpleApplicationEventMulticaster.java:156) ~[spring-context-6.1.8.jar:6.1.8]
	at org.springframework.context.support.AbstractApplicationContext.publishEvent(AbstractApplicationContext.java:451) ~[spring-context-6.1.8.jar:6.1.8]
	at org.springframework.context.support.AbstractApplicationContext.publishEvent(AbstractApplicationContext.java:384) ~[spring-context-6.1.8.jar:6.1.8]
	at com.alibaba.cloud.nacos.discovery.NacosDiscoveryHeartBeatPublisher.publishHeartBeat(NacosDiscoveryHeartBeatPublisher.java:104) ~[spring-cloud-starter-alibaba-nacos-discovery-2023.0.1.0.jar:2023.0.1.0]
	at org.springframework.scheduling.support.DelegatingErrorHandlingRunnable.run(DelegatingErrorHandlingRunnable.java:54) [spring-context-6.1.8.jar:6.1.8]
	at java.base/java.util.concurrent.Executors$RunnableAdapter.call(Executors.java:539) [?:?]
	at java.base/java.util.concurrent.FutureTask.runAndReset(FutureTask.java:305) [?:?]
	at java.base/java.util.concurrent.ScheduledThreadPoolExecutor$ScheduledFutureTask.run(ScheduledThreadPoolExecutor.java:305) [?:?]
	at java.base/java.util.concurrent.ThreadPoolExecutor.runWorker(ThreadPoolExecutor.java:1136) [?:?]
	at java.base/java.util.concurrent.ThreadPoolExecutor$Worker.run(ThreadPoolExecutor.java:635) [?:?]
	at java.base/java.lang.Thread.run(Thread.java:833) [?:?]
Caused by: java.util.concurrent.TimeoutException: Waited 3000 milliseconds (plus 2 milliseconds, 28201 nanoseconds delay) for com.alibaba.nacos.shaded.io.grpc.stub.ClientCalls$GrpcFuture@379920c9[status=PENDING, info=[GrpcFuture{clientCall=ClientCallImpl{method=MethodDescriptor{fullMethodName=Request/request, type=UNARY, idempotent=false, safe=false, sampledToLocalTracing=true, requestMarshaller=com.alibaba.nacos.shaded.io.grpc.protobuf.lite.ProtoLiteUtils$MessageMarshaller@2b5bd5c4, responseMarshaller=com.alibaba.nacos.shaded.io.grpc.protobuf.lite.ProtoLiteUtils$MessageMarshaller@3594ce5c, schemaDescriptor=com.alibaba.nacos.api.grpc.auto.RequestGrpc$RequestMethodDescriptorSupplier@127848c4}}}]]
	at com.alibaba.nacos.shaded.com.google.common.util.concurrent.AbstractFuture.get(AbstractFuture.java:531) ~[nacos-client-2.3.2.jar:?]
	at com.alibaba.nacos.common.remote.client.grpc.GrpcConnection.request(GrpcConnection.java:79) ~[nacos-client-2.3.2.jar:?]
	... 38 more
[gateway-service] [] 2025-01-14 14:07:28 ERROR NacosReactiveDiscoveryClient:94 - get services from nacos server fail,
com.alibaba.nacos.api.exception.NacosException: java.util.concurrent.TimeoutException: Waited 3000 milliseconds (plus 2 milliseconds, 72199 nanoseconds delay) for com.alibaba.nacos.shaded.io.grpc.stub.ClientCalls$GrpcFuture@26c9ad67[status=PENDING, info=[GrpcFuture{clientCall=ClientCallImpl{method=MethodDescriptor{fullMethodName=Request/request, type=UNARY, idempotent=false, safe=false, sampledToLocalTracing=true, requestMarshaller=com.alibaba.nacos.shaded.io.grpc.protobuf.lite.ProtoLiteUtils$MessageMarshaller@2b5bd5c4, responseMarshaller=com.alibaba.nacos.shaded.io.grpc.protobuf.lite.ProtoLiteUtils$MessageMarshaller@3594ce5c, schemaDescriptor=com.alibaba.nacos.api.grpc.auto.RequestGrpc$RequestMethodDescriptorSupplier@127848c4}}}]]
	at com.alibaba.nacos.common.remote.client.grpc.GrpcConnection.request(GrpcConnection.java:82) ~[nacos-client-2.3.2.jar:?]
	at com.alibaba.nacos.common.remote.client.RpcClient.request(RpcClient.java:646) ~[nacos-client-2.3.2.jar:?]
	at com.alibaba.nacos.common.remote.client.RpcClient.request(RpcClient.java:623) ~[nacos-client-2.3.2.jar:?]
	at com.alibaba.nacos.client.naming.remote.gprc.NamingGrpcClientProxy.requestToServer(NamingGrpcClientProxy.java:447) ~[nacos-client-2.3.2.jar:?]
	at com.alibaba.nacos.client.naming.remote.gprc.NamingGrpcClientProxy.getServiceList(NamingGrpcClientProxy.java:368) ~[nacos-client-2.3.2.jar:?]
	at com.alibaba.nacos.client.naming.remote.NamingClientProxyDelegate.getServiceList(NamingClientProxyDelegate.java:159) ~[nacos-client-2.3.2.jar:?]
	at com.alibaba.nacos.client.naming.NacosNamingService.getServicesOfServer(NacosNamingService.java:470) ~[nacos-client-2.3.2.jar:?]
	at com.alibaba.nacos.client.naming.NacosNamingService.getServicesOfServer(NacosNamingService.java:458) ~[nacos-client-2.3.2.jar:?]
	at com.alibaba.cloud.nacos.discovery.NacosServiceDiscovery.getServices(NacosServiceDiscovery.java:70) ~[spring-cloud-starter-alibaba-nacos-discovery-2023.0.1.0.jar:2023.0.1.0]
	at com.alibaba.cloud.nacos.discovery.reactive.NacosReactiveDiscoveryClient.lambda$getServices$3(NacosReactiveDiscoveryClient.java:87) ~[spring-cloud-starter-alibaba-nacos-discovery-2023.0.1.0.jar:2023.0.1.0]
	at reactor.core.publisher.FluxDefer.subscribe(FluxDefer.java:46) [reactor-core-3.6.6.jar:3.6.6]
	at reactor.core.publisher.FluxSubscribeOn$SubscribeOnSubscriber.run(FluxSubscribeOn.java:194) [reactor-core-3.6.6.jar:3.6.6]
	at reactor.core.scheduler.WorkerTask.call(WorkerTask.java:84) [reactor-core-3.6.6.jar:3.6.6]
	at reactor.core.scheduler.WorkerTask.call(WorkerTask.java:37) [reactor-core-3.6.6.jar:3.6.6]
	at java.base/java.util.concurrent.FutureTask.run(FutureTask.java:264) [?:?]
	at java.base/java.util.concurrent.ScheduledThreadPoolExecutor$ScheduledFutureTask.run(ScheduledThreadPoolExecutor.java:304) [?:?]
	at java.base/java.util.concurrent.ThreadPoolExecutor.runWorker(ThreadPoolExecutor.java:1136) [?:?]
	at java.base/java.util.concurrent.ThreadPoolExecutor$Worker.run(ThreadPoolExecutor.java:635) [?:?]
	at java.base/java.lang.Thread.run(Thread.java:833) [?:?]
Caused by: java.util.concurrent.TimeoutException: Waited 3000 milliseconds (plus 2 milliseconds, 72199 nanoseconds delay) for com.alibaba.nacos.shaded.io.grpc.stub.ClientCalls$GrpcFuture@26c9ad67[status=PENDING, info=[GrpcFuture{clientCall=ClientCallImpl{method=MethodDescriptor{fullMethodName=Request/request, type=UNARY, idempotent=false, safe=false, sampledToLocalTracing=true, requestMarshaller=com.alibaba.nacos.shaded.io.grpc.protobuf.lite.ProtoLiteUtils$MessageMarshaller@2b5bd5c4, responseMarshaller=com.alibaba.nacos.shaded.io.grpc.protobuf.lite.ProtoLiteUtils$MessageMarshaller@3594ce5c, schemaDescriptor=com.alibaba.nacos.api.grpc.auto.RequestGrpc$RequestMethodDescriptorSupplier@127848c4}}}]]
	at com.alibaba.nacos.shaded.com.google.common.util.concurrent.AbstractFuture.get(AbstractFuture.java:531) ~[nacos-client-2.3.2.jar:?]
	at com.alibaba.nacos.common.remote.client.grpc.GrpcConnection.request(GrpcConnection.java:79) ~[nacos-client-2.3.2.jar:?]
	... 18 more
[gateway-service] [] 2025-01-14 14:07:28 ERROR client:102 - Send request fail, request = ServiceListRequest{headers={accessToken=eyJhbGciOiJIUzUxMiJ9.eyJzdWIiOiJuYWNvcyIsImV4cCI6MTczNTQzMDYyMn0.MRRk5FsBlri1UTzhRi8u83fYTOmY_rLV8yw9upEJMHlbD9Jh2kGc_QsPV91QcKKS5elktS-XShfgo6plRAxR9Q, app=unknown}, requestId='null'}, retryTimes = 0, errorMessage = Client not connected, current status:UNHEALTHY
[gateway-service] [] 2025-01-14 14:07:28 ERROR client:102 - Send request fail, request = ServiceListRequest{headers={accessToken=eyJhbGciOiJIUzUxMiJ9.eyJzdWIiOiJuYWNvcyIsImV4cCI6MTczNTQzMDYyMn0.MRRk5FsBlri1UTzhRi8u83fYTOmY_rLV8yw9upEJMHlbD9Jh2kGc_QsPV91QcKKS5elktS-XShfgo6plRAxR9Q, app=unknown}, requestId='null'}, retryTimes = 0, errorMessage = Client not connected, current status:UNHEALTHY
[gateway-service] [] 2025-01-14 14:07:28 ERROR client:102 - Send request fail, request = ServiceListRequest{headers={accessToken=eyJhbGciOiJIUzUxMiJ9.eyJzdWIiOiJuYWNvcyIsImV4cCI6MTczNTQzMDYyMn0.MRRk5FsBlri1UTzhRi8u83fYTOmY_rLV8yw9upEJMHlbD9Jh2kGc_QsPV91QcKKS5elktS-XShfgo6plRAxR9Q, app=unknown}, requestId='null'}, retryTimes = 1, errorMessage = Client not connected, current status:UNHEALTHY
[gateway-service] [] 2025-01-14 14:07:28 ERROR client:102 - Send request fail, request = ServiceListRequest{headers={accessToken=eyJhbGciOiJIUzUxMiJ9.eyJzdWIiOiJuYWNvcyIsImV4cCI6MTczNTQzMDYyMn0.MRRk5FsBlri1UTzhRi8u83fYTOmY_rLV8yw9upEJMHlbD9Jh2kGc_QsPV91QcKKS5elktS-XShfgo6plRAxR9Q, app=unknown}, requestId='null'}, retryTimes = 1, errorMessage = Client not connected, current status:UNHEALTHY
[gateway-service] [] 2025-01-14 14:07:28 ERROR client:102 - Send request fail, request = ServiceListRequest{headers={accessToken=eyJhbGciOiJIUzUxMiJ9.eyJzdWIiOiJuYWNvcyIsImV4cCI6MTczNTQzMDYyMn0.MRRk5FsBlri1UTzhRi8u83fYTOmY_rLV8yw9upEJMHlbD9Jh2kGc_QsPV91QcKKS5elktS-XShfgo6plRAxR9Q, app=unknown}, requestId='null'}, retryTimes = 2, errorMessage = Client not connected, current status:UNHEALTHY
[gateway-service] [] 2025-01-14 14:07:28 ERROR client:102 - Send request fail, request = ServiceListRequest{headers={accessToken=eyJhbGciOiJIUzUxMiJ9.eyJzdWIiOiJuYWNvcyIsImV4cCI6MTczNTQzMDYyMn0.MRRk5FsBlri1UTzhRi8u83fYTOmY_rLV8yw9upEJMHlbD9Jh2kGc_QsPV91QcKKS5elktS-XShfgo6plRAxR9Q, app=unknown}, requestId='null'}, retryTimes = 2, errorMessage = Client not connected, current status:UNHEALTHY
[gateway-service] [] 2025-01-14 14:07:28 ERROR client:102 - Send request fail, request = ServiceListRequest{headers={accessToken=eyJhbGciOiJIUzUxMiJ9.eyJzdWIiOiJuYWNvcyIsImV4cCI6MTczNTQzMDYyMn0.MRRk5FsBlri1UTzhRi8u83fYTOmY_rLV8yw9upEJMHlbD9Jh2kGc_QsPV91QcKKS5elktS-XShfgo6plRAxR9Q, app=unknown}, requestId='null'}, retryTimes = 3, errorMessage = Client not connected, current status:UNHEALTHY
[gateway-service] [] 2025-01-14 14:07:28 ERROR client:102 - Send request fail, request = ServiceListRequest{headers={accessToken=eyJhbGciOiJIUzUxMiJ9.eyJzdWIiOiJuYWNvcyIsImV4cCI6MTczNTQzMDYyMn0.MRRk5FsBlri1UTzhRi8u83fYTOmY_rLV8yw9upEJMHlbD9Jh2kGc_QsPV91QcKKS5elktS-XShfgo6plRAxR9Q, app=unknown}, requestId='null'}, retryTimes = 3, errorMessage = Client not connected, current status:UNHEALTHY
[gateway-service] [] 2025-01-14 14:07:28 ERROR NacosReactiveDiscoveryClient:94 - get services from nacos server fail,
com.alibaba.nacos.api.exception.NacosException: Client not connected, current status:UNHEALTHY
	at com.alibaba.nacos.common.remote.client.RpcClient.request(RpcClient.java:644) ~[nacos-client-2.3.2.jar:?]
	at com.alibaba.nacos.common.remote.client.RpcClient.request(RpcClient.java:623) ~[nacos-client-2.3.2.jar:?]
	at com.alibaba.nacos.client.naming.remote.gprc.NamingGrpcClientProxy.requestToServer(NamingGrpcClientProxy.java:447) ~[nacos-client-2.3.2.jar:?]
	at com.alibaba.nacos.client.naming.remote.gprc.NamingGrpcClientProxy.getServiceList(NamingGrpcClientProxy.java:368) ~[nacos-client-2.3.2.jar:?]
	at com.alibaba.nacos.client.naming.remote.NamingClientProxyDelegate.getServiceList(NamingClientProxyDelegate.java:159) ~[nacos-client-2.3.2.jar:?]
	at com.alibaba.nacos.client.naming.NacosNamingService.getServicesOfServer(NacosNamingService.java:470) ~[nacos-client-2.3.2.jar:?]
	at com.alibaba.nacos.client.naming.NacosNamingService.getServicesOfServer(NacosNamingService.java:458) ~[nacos-client-2.3.2.jar:?]
	at com.alibaba.cloud.nacos.discovery.NacosServiceDiscovery.getServices(NacosServiceDiscovery.java:70) ~[spring-cloud-starter-alibaba-nacos-discovery-2023.0.1.0.jar:2023.0.1.0]
	at com.alibaba.cloud.nacos.discovery.reactive.NacosReactiveDiscoveryClient.lambda$getServices$3(NacosReactiveDiscoveryClient.java:87) ~[spring-cloud-starter-alibaba-nacos-discovery-2023.0.1.0.jar:2023.0.1.0]
	at reactor.core.publisher.FluxDefer.subscribe(FluxDefer.java:46) [reactor-core-3.6.6.jar:3.6.6]
	at reactor.core.publisher.FluxSubscribeOn$SubscribeOnSubscriber.run(FluxSubscribeOn.java:194) [reactor-core-3.6.6.jar:3.6.6]
	at reactor.core.scheduler.WorkerTask.call(WorkerTask.java:84) [reactor-core-3.6.6.jar:3.6.6]
	at reactor.core.scheduler.WorkerTask.call(WorkerTask.java:37) [reactor-core-3.6.6.jar:3.6.6]
	at java.base/java.util.concurrent.FutureTask.run(FutureTask.java:264) [?:?]
	at java.base/java.util.concurrent.ScheduledThreadPoolExecutor$ScheduledFutureTask.run(ScheduledThreadPoolExecutor.java:304) [?:?]
	at java.base/java.util.concurrent.ThreadPoolExecutor.runWorker(ThreadPoolExecutor.java:1136) [?:?]
	at java.base/java.util.concurrent.ThreadPoolExecutor$Worker.run(ThreadPoolExecutor.java:635) [?:?]
	at java.base/java.lang.Thread.run(Thread.java:833) [?:?]
[gateway-service] [] 2025-01-14 14:07:28 ERROR NacosDiscoveryClient:86 - get service name from nacos server failed.
com.alibaba.nacos.api.exception.NacosException: Client not connected, current status:UNHEALTHY
	at com.alibaba.nacos.common.remote.client.RpcClient.request(RpcClient.java:644) ~[nacos-client-2.3.2.jar:?]
	at com.alibaba.nacos.common.remote.client.RpcClient.request(RpcClient.java:623) ~[nacos-client-2.3.2.jar:?]
	at com.alibaba.nacos.client.naming.remote.gprc.NamingGrpcClientProxy.requestToServer(NamingGrpcClientProxy.java:447) ~[nacos-client-2.3.2.jar:?]
	at com.alibaba.nacos.client.naming.remote.gprc.NamingGrpcClientProxy.getServiceList(NamingGrpcClientProxy.java:368) ~[nacos-client-2.3.2.jar:?]
	at com.alibaba.nacos.client.naming.remote.NamingClientProxyDelegate.getServiceList(NamingClientProxyDelegate.java:159) ~[nacos-client-2.3.2.jar:?]
	at com.alibaba.nacos.client.naming.NacosNamingService.getServicesOfServer(NacosNamingService.java:470) ~[nacos-client-2.3.2.jar:?]
	at com.alibaba.nacos.client.naming.NacosNamingService.getServicesOfServer(NacosNamingService.java:458) ~[nacos-client-2.3.2.jar:?]
	at com.alibaba.cloud.nacos.discovery.NacosServiceDiscovery.getServices(NacosServiceDiscovery.java:70) ~[spring-cloud-starter-alibaba-nacos-discovery-2023.0.1.0.jar:2023.0.1.0]
	at com.alibaba.cloud.nacos.discovery.NacosDiscoveryClient.getServices(NacosDiscoveryClient.java:80) ~[spring-cloud-starter-alibaba-nacos-discovery-2023.0.1.0.jar:2023.0.1.0]
	at org.springframework.cloud.client.discovery.composite.CompositeDiscoveryClient.getServices(CompositeDiscoveryClient.java:68) ~[spring-cloud-commons-4.1.3.jar:4.1.3]
	at com.github.xiaoymin.knife4j.spring.gateway.discover.ServiceChangeListener.discover(ServiceChangeListener.java:49) ~[knife4j-gateway-spring-boot-starter-4.3.0.jar:?]
	at jdk.internal.reflect.GeneratedMethodAccessor96.invoke(Unknown Source) ~[?:?]
	at java.base/jdk.internal.reflect.DelegatingMethodAccessorImpl.invoke(DelegatingMethodAccessorImpl.java:43) ~[?:?]
	at java.base/java.lang.reflect.Method.invoke(Method.java:568) ~[?:?]
	at org.springframework.context.event.ApplicationListenerMethodAdapter.doInvoke(ApplicationListenerMethodAdapter.java:365) ~[spring-context-6.1.8.jar:6.1.8]
	at org.springframework.context.event.ApplicationListenerMethodAdapter.processEvent(ApplicationListenerMethodAdapter.java:237) ~[spring-context-6.1.8.jar:6.1.8]
	at org.springframework.context.event.ApplicationListenerMethodAdapter.onApplicationEvent(ApplicationListenerMethodAdapter.java:168) ~[spring-context-6.1.8.jar:6.1.8]
	at org.springframework.context.event.SimpleApplicationEventMulticaster.doInvokeListener(SimpleApplicationEventMulticaster.java:185) ~[spring-context-6.1.8.jar:6.1.8]
	at org.springframework.context.event.SimpleApplicationEventMulticaster.invokeListener(SimpleApplicationEventMulticaster.java:178) ~[spring-context-6.1.8.jar:6.1.8]
	at org.springframework.context.event.SimpleApplicationEventMulticaster.multicastEvent(SimpleApplicationEventMulticaster.java:156) ~[spring-context-6.1.8.jar:6.1.8]
	at org.springframework.context.support.AbstractApplicationContext.publishEvent(AbstractApplicationContext.java:451) ~[spring-context-6.1.8.jar:6.1.8]
	at org.springframework.context.support.AbstractApplicationContext.publishEvent(AbstractApplicationContext.java:384) ~[spring-context-6.1.8.jar:6.1.8]
	at com.alibaba.cloud.nacos.discovery.NacosDiscoveryHeartBeatPublisher.publishHeartBeat(NacosDiscoveryHeartBeatPublisher.java:104) ~[spring-cloud-starter-alibaba-nacos-discovery-2023.0.1.0.jar:2023.0.1.0]
	at org.springframework.scheduling.support.DelegatingErrorHandlingRunnable.run(DelegatingErrorHandlingRunnable.java:54) [spring-context-6.1.8.jar:6.1.8]
	at java.base/java.util.concurrent.Executors$RunnableAdapter.call(Executors.java:539) [?:?]
	at java.base/java.util.concurrent.FutureTask.runAndReset(FutureTask.java:305) [?:?]
	at java.base/java.util.concurrent.ScheduledThreadPoolExecutor$ScheduledFutureTask.run(ScheduledThreadPoolExecutor.java:305) [?:?]
	at java.base/java.util.concurrent.ThreadPoolExecutor.runWorker(ThreadPoolExecutor.java:1136) [?:?]
	at java.base/java.util.concurrent.ThreadPoolExecutor$Worker.run(ThreadPoolExecutor.java:635) [?:?]
	at java.base/java.lang.Thread.run(Thread.java:833) [?:?]
[gateway-service] [] 2025-01-14 14:07:28 ERROR client:102 - Send request fail, request = ServiceListRequest{headers={accessToken=eyJhbGciOiJIUzUxMiJ9.eyJzdWIiOiJuYWNvcyIsImV4cCI6MTczNTQzMDYyMn0.MRRk5FsBlri1UTzhRi8u83fYTOmY_rLV8yw9upEJMHlbD9Jh2kGc_QsPV91QcKKS5elktS-XShfgo6plRAxR9Q, app=unknown}, requestId='null'}, retryTimes = 0, errorMessage = Client not connected, current status:UNHEALTHY
[gateway-service] [] 2025-01-14 14:07:29 ERROR client:102 - Send request fail, request = ServiceListRequest{headers={accessToken=eyJhbGciOiJIUzUxMiJ9.eyJzdWIiOiJuYWNvcyIsImV4cCI6MTczNTQzMDYyMn0.MRRk5FsBlri1UTzhRi8u83fYTOmY_rLV8yw9upEJMHlbD9Jh2kGc_QsPV91QcKKS5elktS-XShfgo6plRAxR9Q, app=unknown}, requestId='null'}, retryTimes = 1, errorMessage = Client not connected, current status:UNHEALTHY
[gateway-service] [] 2025-01-14 14:07:29 ERROR client:102 - Send request fail, request = ServiceListRequest{headers={accessToken=eyJhbGciOiJIUzUxMiJ9.eyJzdWIiOiJuYWNvcyIsImV4cCI6MTczNTQzMDYyMn0.MRRk5FsBlri1UTzhRi8u83fYTOmY_rLV8yw9upEJMHlbD9Jh2kGc_QsPV91QcKKS5elktS-XShfgo6plRAxR9Q, app=unknown}, requestId='null'}, retryTimes = 2, errorMessage = Client not connected, current status:UNHEALTHY
[gateway-service] [] 2025-01-14 14:07:29 ERROR client:102 - Send request fail, request = ServiceListRequest{headers={accessToken=eyJhbGciOiJIUzUxMiJ9.eyJzdWIiOiJuYWNvcyIsImV4cCI6MTczNTQzMDYyMn0.MRRk5FsBlri1UTzhRi8u83fYTOmY_rLV8yw9upEJMHlbD9Jh2kGc_QsPV91QcKKS5elktS-XShfgo6plRAxR9Q, app=unknown}, requestId='null'}, retryTimes = 3, errorMessage = Client not connected, current status:UNHEALTHY
[gateway-service] [] 2025-01-14 14:07:29 ERROR NacosReactiveDiscoveryClient:94 - get services from nacos server fail,
com.alibaba.nacos.api.exception.NacosException: Client not connected, current status:UNHEALTHY
	at com.alibaba.nacos.common.remote.client.RpcClient.request(RpcClient.java:644) ~[nacos-client-2.3.2.jar:?]
	at com.alibaba.nacos.common.remote.client.RpcClient.request(RpcClient.java:623) ~[nacos-client-2.3.2.jar:?]
	at com.alibaba.nacos.client.naming.remote.gprc.NamingGrpcClientProxy.requestToServer(NamingGrpcClientProxy.java:447) ~[nacos-client-2.3.2.jar:?]
	at com.alibaba.nacos.client.naming.remote.gprc.NamingGrpcClientProxy.getServiceList(NamingGrpcClientProxy.java:368) ~[nacos-client-2.3.2.jar:?]
	at com.alibaba.nacos.client.naming.remote.NamingClientProxyDelegate.getServiceList(NamingClientProxyDelegate.java:159) ~[nacos-client-2.3.2.jar:?]
	at com.alibaba.nacos.client.naming.NacosNamingService.getServicesOfServer(NacosNamingService.java:470) ~[nacos-client-2.3.2.jar:?]
	at com.alibaba.nacos.client.naming.NacosNamingService.getServicesOfServer(NacosNamingService.java:458) ~[nacos-client-2.3.2.jar:?]
	at com.alibaba.cloud.nacos.discovery.NacosServiceDiscovery.getServices(NacosServiceDiscovery.java:70) ~[spring-cloud-starter-alibaba-nacos-discovery-2023.0.1.0.jar:2023.0.1.0]
	at com.alibaba.cloud.nacos.discovery.reactive.NacosReactiveDiscoveryClient.lambda$getServices$3(NacosReactiveDiscoveryClient.java:87) ~[spring-cloud-starter-alibaba-nacos-discovery-2023.0.1.0.jar:2023.0.1.0]
	at reactor.core.publisher.FluxDefer.subscribe(FluxDefer.java:46) [reactor-core-3.6.6.jar:3.6.6]
	at reactor.core.publisher.FluxSubscribeOn$SubscribeOnSubscriber.run(FluxSubscribeOn.java:194) [reactor-core-3.6.6.jar:3.6.6]
	at reactor.core.scheduler.WorkerTask.call(WorkerTask.java:84) [reactor-core-3.6.6.jar:3.6.6]
	at reactor.core.scheduler.WorkerTask.call(WorkerTask.java:37) [reactor-core-3.6.6.jar:3.6.6]
	at java.base/java.util.concurrent.FutureTask.run(FutureTask.java:264) [?:?]
	at java.base/java.util.concurrent.ScheduledThreadPoolExecutor$ScheduledFutureTask.run(ScheduledThreadPoolExecutor.java:304) [?:?]
	at java.base/java.util.concurrent.ThreadPoolExecutor.runWorker(ThreadPoolExecutor.java:1136) [?:?]
	at java.base/java.util.concurrent.ThreadPoolExecutor$Worker.run(ThreadPoolExecutor.java:635) [?:?]
	at java.base/java.lang.Thread.run(Thread.java:833) [?:?]
[gateway-service] [] 2025-01-14 14:50:36 ERROR client:102 - Send request fail, request = ServiceListRequest{headers={accessToken=eyJhbGciOiJIUzUxMiJ9.eyJzdWIiOiJuYWNvcyIsImV4cCI6MTczNTQzMDYyMn0.MRRk5FsBlri1UTzhRi8u83fYTOmY_rLV8yw9upEJMHlbD9Jh2kGc_QsPV91QcKKS5elktS-XShfgo6plRAxR9Q, app=unknown}, requestId='null'}, retryTimes = 0, errorMessage = java.util.concurrent.TimeoutException: Waited 3000 milliseconds (plus 8 milliseconds, 228000 nanoseconds delay) for com.alibaba.nacos.shaded.io.grpc.stub.ClientCalls$GrpcFuture@1a396e07[status=PENDING, info=[GrpcFuture{clientCall=ClientCallImpl{method=MethodDescriptor{fullMethodName=Request/request, type=UNARY, idempotent=false, safe=false, sampledToLocalTracing=true, requestMarshaller=com.alibaba.nacos.shaded.io.grpc.protobuf.lite.ProtoLiteUtils$MessageMarshaller@2b5bd5c4, responseMarshaller=com.alibaba.nacos.shaded.io.grpc.protobuf.lite.ProtoLiteUtils$MessageMarshaller@3594ce5c, schemaDescriptor=com.alibaba.nacos.api.grpc.auto.RequestGrpc$RequestMethodDescriptorSupplier@127848c4}}}]]
[gateway-service] [] 2025-01-14 14:50:36 ERROR client:102 - Send request fail, request = ServiceListRequest{headers={accessToken=eyJhbGciOiJIUzUxMiJ9.eyJzdWIiOiJuYWNvcyIsImV4cCI6MTczNTQzMDYyMn0.MRRk5FsBlri1UTzhRi8u83fYTOmY_rLV8yw9upEJMHlbD9Jh2kGc_QsPV91QcKKS5elktS-XShfgo6plRAxR9Q, app=unknown}, requestId='null'}, retryTimes = 0, errorMessage = java.util.concurrent.TimeoutException: Waited 3000 milliseconds (plus 8 milliseconds, 324900 nanoseconds delay) for com.alibaba.nacos.shaded.io.grpc.stub.ClientCalls$GrpcFuture@43f47c9e[status=PENDING, info=[GrpcFuture{clientCall=ClientCallImpl{method=MethodDescriptor{fullMethodName=Request/request, type=UNARY, idempotent=false, safe=false, sampledToLocalTracing=true, requestMarshaller=com.alibaba.nacos.shaded.io.grpc.protobuf.lite.ProtoLiteUtils$MessageMarshaller@2b5bd5c4, responseMarshaller=com.alibaba.nacos.shaded.io.grpc.protobuf.lite.ProtoLiteUtils$MessageMarshaller@3594ce5c, schemaDescriptor=com.alibaba.nacos.api.grpc.auto.RequestGrpc$RequestMethodDescriptorSupplier@127848c4}}}]]
[gateway-service] [] 2025-01-14 14:50:36 ERROR client:102 - Send request fail, request = ServiceListRequest{headers={accessToken=eyJhbGciOiJIUzUxMiJ9.eyJzdWIiOiJuYWNvcyIsImV4cCI6MTczNTQzMDYyMn0.MRRk5FsBlri1UTzhRi8u83fYTOmY_rLV8yw9upEJMHlbD9Jh2kGc_QsPV91QcKKS5elktS-XShfgo6plRAxR9Q, app=unknown}, requestId='null'}, retryTimes = 0, errorMessage = java.util.concurrent.TimeoutException: Waited 3000 milliseconds (plus 8 milliseconds, 246400 nanoseconds delay) for com.alibaba.nacos.shaded.io.grpc.stub.ClientCalls$GrpcFuture@2aba316b[status=PENDING, info=[GrpcFuture{clientCall=ClientCallImpl{method=MethodDescriptor{fullMethodName=Request/request, type=UNARY, idempotent=false, safe=false, sampledToLocalTracing=true, requestMarshaller=com.alibaba.nacos.shaded.io.grpc.protobuf.lite.ProtoLiteUtils$MessageMarshaller@2b5bd5c4, responseMarshaller=com.alibaba.nacos.shaded.io.grpc.protobuf.lite.ProtoLiteUtils$MessageMarshaller@3594ce5c, schemaDescriptor=com.alibaba.nacos.api.grpc.auto.RequestGrpc$RequestMethodDescriptorSupplier@127848c4}}}]]
[gateway-service] [] 2025-01-14 14:50:36 ERROR NacosReactiveDiscoveryClient:94 - get services from nacos server fail,
com.alibaba.nacos.api.exception.NacosException: java.util.concurrent.TimeoutException: Waited 3000 milliseconds (plus 8 milliseconds, 246400 nanoseconds delay) for com.alibaba.nacos.shaded.io.grpc.stub.ClientCalls$GrpcFuture@2aba316b[status=PENDING, info=[GrpcFuture{clientCall=ClientCallImpl{method=MethodDescriptor{fullMethodName=Request/request, type=UNARY, idempotent=false, safe=false, sampledToLocalTracing=true, requestMarshaller=com.alibaba.nacos.shaded.io.grpc.protobuf.lite.ProtoLiteUtils$MessageMarshaller@2b5bd5c4, responseMarshaller=com.alibaba.nacos.shaded.io.grpc.protobuf.lite.ProtoLiteUtils$MessageMarshaller@3594ce5c, schemaDescriptor=com.alibaba.nacos.api.grpc.auto.RequestGrpc$RequestMethodDescriptorSupplier@127848c4}}}]]
	at com.alibaba.nacos.common.remote.client.grpc.GrpcConnection.request(GrpcConnection.java:82) ~[nacos-client-2.3.2.jar:?]
	at com.alibaba.nacos.common.remote.client.RpcClient.request(RpcClient.java:646) ~[nacos-client-2.3.2.jar:?]
	at com.alibaba.nacos.common.remote.client.RpcClient.request(RpcClient.java:623) ~[nacos-client-2.3.2.jar:?]
	at com.alibaba.nacos.client.naming.remote.gprc.NamingGrpcClientProxy.requestToServer(NamingGrpcClientProxy.java:447) ~[nacos-client-2.3.2.jar:?]
	at com.alibaba.nacos.client.naming.remote.gprc.NamingGrpcClientProxy.getServiceList(NamingGrpcClientProxy.java:368) ~[nacos-client-2.3.2.jar:?]
	at com.alibaba.nacos.client.naming.remote.NamingClientProxyDelegate.getServiceList(NamingClientProxyDelegate.java:159) ~[nacos-client-2.3.2.jar:?]
	at com.alibaba.nacos.client.naming.NacosNamingService.getServicesOfServer(NacosNamingService.java:470) ~[nacos-client-2.3.2.jar:?]
	at com.alibaba.nacos.client.naming.NacosNamingService.getServicesOfServer(NacosNamingService.java:458) ~[nacos-client-2.3.2.jar:?]
	at com.alibaba.cloud.nacos.discovery.NacosServiceDiscovery.getServices(NacosServiceDiscovery.java:70) ~[spring-cloud-starter-alibaba-nacos-discovery-2023.0.1.0.jar:2023.0.1.0]
	at com.alibaba.cloud.nacos.discovery.reactive.NacosReactiveDiscoveryClient.lambda$getServices$3(NacosReactiveDiscoveryClient.java:87) ~[spring-cloud-starter-alibaba-nacos-discovery-2023.0.1.0.jar:2023.0.1.0]
	at reactor.core.publisher.FluxDefer.subscribe(FluxDefer.java:46) [reactor-core-3.6.6.jar:3.6.6]
	at reactor.core.publisher.FluxSubscribeOn$SubscribeOnSubscriber.run(FluxSubscribeOn.java:194) [reactor-core-3.6.6.jar:3.6.6]
	at reactor.core.scheduler.WorkerTask.call(WorkerTask.java:84) [reactor-core-3.6.6.jar:3.6.6]
	at reactor.core.scheduler.WorkerTask.call(WorkerTask.java:37) [reactor-core-3.6.6.jar:3.6.6]
	at java.base/java.util.concurrent.FutureTask.run(FutureTask.java:264) [?:?]
	at java.base/java.util.concurrent.ScheduledThreadPoolExecutor$ScheduledFutureTask.run(ScheduledThreadPoolExecutor.java:304) [?:?]
	at java.base/java.util.concurrent.ThreadPoolExecutor.runWorker(ThreadPoolExecutor.java:1136) [?:?]
	at java.base/java.util.concurrent.ThreadPoolExecutor$Worker.run(ThreadPoolExecutor.java:635) [?:?]
	at java.base/java.lang.Thread.run(Thread.java:833) [?:?]
Caused by: java.util.concurrent.TimeoutException: Waited 3000 milliseconds (plus 8 milliseconds, 246400 nanoseconds delay) for com.alibaba.nacos.shaded.io.grpc.stub.ClientCalls$GrpcFuture@2aba316b[status=PENDING, info=[GrpcFuture{clientCall=ClientCallImpl{method=MethodDescriptor{fullMethodName=Request/request, type=UNARY, idempotent=false, safe=false, sampledToLocalTracing=true, requestMarshaller=com.alibaba.nacos.shaded.io.grpc.protobuf.lite.ProtoLiteUtils$MessageMarshaller@2b5bd5c4, responseMarshaller=com.alibaba.nacos.shaded.io.grpc.protobuf.lite.ProtoLiteUtils$MessageMarshaller@3594ce5c, schemaDescriptor=com.alibaba.nacos.api.grpc.auto.RequestGrpc$RequestMethodDescriptorSupplier@127848c4}}}]]
	at com.alibaba.nacos.shaded.com.google.common.util.concurrent.AbstractFuture.get(AbstractFuture.java:531) ~[nacos-client-2.3.2.jar:?]
	at com.alibaba.nacos.common.remote.client.grpc.GrpcConnection.request(GrpcConnection.java:79) ~[nacos-client-2.3.2.jar:?]
	... 18 more
[gateway-service] [] 2025-01-14 14:50:36 ERROR NacosReactiveDiscoveryClient:94 - get services from nacos server fail,
com.alibaba.nacos.api.exception.NacosException: java.util.concurrent.TimeoutException: Waited 3000 milliseconds (plus 8 milliseconds, 228000 nanoseconds delay) for com.alibaba.nacos.shaded.io.grpc.stub.ClientCalls$GrpcFuture@1a396e07[status=PENDING, info=[GrpcFuture{clientCall=ClientCallImpl{method=MethodDescriptor{fullMethodName=Request/request, type=UNARY, idempotent=false, safe=false, sampledToLocalTracing=true, requestMarshaller=com.alibaba.nacos.shaded.io.grpc.protobuf.lite.ProtoLiteUtils$MessageMarshaller@2b5bd5c4, responseMarshaller=com.alibaba.nacos.shaded.io.grpc.protobuf.lite.ProtoLiteUtils$MessageMarshaller@3594ce5c, schemaDescriptor=com.alibaba.nacos.api.grpc.auto.RequestGrpc$RequestMethodDescriptorSupplier@127848c4}}}]]
	at com.alibaba.nacos.common.remote.client.grpc.GrpcConnection.request(GrpcConnection.java:82) ~[nacos-client-2.3.2.jar:?]
	at com.alibaba.nacos.common.remote.client.RpcClient.request(RpcClient.java:646) ~[nacos-client-2.3.2.jar:?]
	at com.alibaba.nacos.common.remote.client.RpcClient.request(RpcClient.java:623) ~[nacos-client-2.3.2.jar:?]
	at com.alibaba.nacos.client.naming.remote.gprc.NamingGrpcClientProxy.requestToServer(NamingGrpcClientProxy.java:447) ~[nacos-client-2.3.2.jar:?]
	at com.alibaba.nacos.client.naming.remote.gprc.NamingGrpcClientProxy.getServiceList(NamingGrpcClientProxy.java:368) ~[nacos-client-2.3.2.jar:?]
	at com.alibaba.nacos.client.naming.remote.NamingClientProxyDelegate.getServiceList(NamingClientProxyDelegate.java:159) ~[nacos-client-2.3.2.jar:?]
	at com.alibaba.nacos.client.naming.NacosNamingService.getServicesOfServer(NacosNamingService.java:470) ~[nacos-client-2.3.2.jar:?]
	at com.alibaba.nacos.client.naming.NacosNamingService.getServicesOfServer(NacosNamingService.java:458) ~[nacos-client-2.3.2.jar:?]
	at com.alibaba.cloud.nacos.discovery.NacosServiceDiscovery.getServices(NacosServiceDiscovery.java:70) ~[spring-cloud-starter-alibaba-nacos-discovery-2023.0.1.0.jar:2023.0.1.0]
	at com.alibaba.cloud.nacos.discovery.reactive.NacosReactiveDiscoveryClient.lambda$getServices$3(NacosReactiveDiscoveryClient.java:87) ~[spring-cloud-starter-alibaba-nacos-discovery-2023.0.1.0.jar:2023.0.1.0]
	at reactor.core.publisher.FluxDefer.subscribe(FluxDefer.java:46) [reactor-core-3.6.6.jar:3.6.6]
	at reactor.core.publisher.FluxSubscribeOn$SubscribeOnSubscriber.run(FluxSubscribeOn.java:194) [reactor-core-3.6.6.jar:3.6.6]
	at reactor.core.scheduler.WorkerTask.call(WorkerTask.java:84) [reactor-core-3.6.6.jar:3.6.6]
	at reactor.core.scheduler.WorkerTask.call(WorkerTask.java:37) [reactor-core-3.6.6.jar:3.6.6]
	at java.base/java.util.concurrent.FutureTask.run(FutureTask.java:264) [?:?]
	at java.base/java.util.concurrent.ScheduledThreadPoolExecutor$ScheduledFutureTask.run(ScheduledThreadPoolExecutor.java:304) [?:?]
	at java.base/java.util.concurrent.ThreadPoolExecutor.runWorker(ThreadPoolExecutor.java:1136) [?:?]
	at java.base/java.util.concurrent.ThreadPoolExecutor$Worker.run(ThreadPoolExecutor.java:635) [?:?]
	at java.base/java.lang.Thread.run(Thread.java:833) [?:?]
Caused by: java.util.concurrent.TimeoutException: Waited 3000 milliseconds (plus 8 milliseconds, 228000 nanoseconds delay) for com.alibaba.nacos.shaded.io.grpc.stub.ClientCalls$GrpcFuture@1a396e07[status=PENDING, info=[GrpcFuture{clientCall=ClientCallImpl{method=MethodDescriptor{fullMethodName=Request/request, type=UNARY, idempotent=false, safe=false, sampledToLocalTracing=true, requestMarshaller=com.alibaba.nacos.shaded.io.grpc.protobuf.lite.ProtoLiteUtils$MessageMarshaller@2b5bd5c4, responseMarshaller=com.alibaba.nacos.shaded.io.grpc.protobuf.lite.ProtoLiteUtils$MessageMarshaller@3594ce5c, schemaDescriptor=com.alibaba.nacos.api.grpc.auto.RequestGrpc$RequestMethodDescriptorSupplier@127848c4}}}]]
	at com.alibaba.nacos.shaded.com.google.common.util.concurrent.AbstractFuture.get(AbstractFuture.java:531) ~[nacos-client-2.3.2.jar:?]
	at com.alibaba.nacos.common.remote.client.grpc.GrpcConnection.request(GrpcConnection.java:79) ~[nacos-client-2.3.2.jar:?]
	... 18 more
[gateway-service] [] 2025-01-14 14:50:36 ERROR NacosDiscoveryClient:86 - get service name from nacos server failed.
com.alibaba.nacos.api.exception.NacosException: java.util.concurrent.TimeoutException: Waited 3000 milliseconds (plus 8 milliseconds, 324900 nanoseconds delay) for com.alibaba.nacos.shaded.io.grpc.stub.ClientCalls$GrpcFuture@43f47c9e[status=PENDING, info=[GrpcFuture{clientCall=ClientCallImpl{method=MethodDescriptor{fullMethodName=Request/request, type=UNARY, idempotent=false, safe=false, sampledToLocalTracing=true, requestMarshaller=com.alibaba.nacos.shaded.io.grpc.protobuf.lite.ProtoLiteUtils$MessageMarshaller@2b5bd5c4, responseMarshaller=com.alibaba.nacos.shaded.io.grpc.protobuf.lite.ProtoLiteUtils$MessageMarshaller@3594ce5c, schemaDescriptor=com.alibaba.nacos.api.grpc.auto.RequestGrpc$RequestMethodDescriptorSupplier@127848c4}}}]]
	at com.alibaba.nacos.common.remote.client.grpc.GrpcConnection.request(GrpcConnection.java:82) ~[nacos-client-2.3.2.jar:?]
	at com.alibaba.nacos.common.remote.client.RpcClient.request(RpcClient.java:646) ~[nacos-client-2.3.2.jar:?]
	at com.alibaba.nacos.common.remote.client.RpcClient.request(RpcClient.java:623) ~[nacos-client-2.3.2.jar:?]
	at com.alibaba.nacos.client.naming.remote.gprc.NamingGrpcClientProxy.requestToServer(NamingGrpcClientProxy.java:447) ~[nacos-client-2.3.2.jar:?]
	at com.alibaba.nacos.client.naming.remote.gprc.NamingGrpcClientProxy.getServiceList(NamingGrpcClientProxy.java:368) ~[nacos-client-2.3.2.jar:?]
	at com.alibaba.nacos.client.naming.remote.NamingClientProxyDelegate.getServiceList(NamingClientProxyDelegate.java:159) ~[nacos-client-2.3.2.jar:?]
	at com.alibaba.nacos.client.naming.NacosNamingService.getServicesOfServer(NacosNamingService.java:470) ~[nacos-client-2.3.2.jar:?]
	at com.alibaba.nacos.client.naming.NacosNamingService.getServicesOfServer(NacosNamingService.java:458) ~[nacos-client-2.3.2.jar:?]
	at com.alibaba.cloud.nacos.discovery.NacosServiceDiscovery.getServices(NacosServiceDiscovery.java:70) ~[spring-cloud-starter-alibaba-nacos-discovery-2023.0.1.0.jar:2023.0.1.0]
	at com.alibaba.cloud.nacos.discovery.NacosDiscoveryClient.getServices(NacosDiscoveryClient.java:80) ~[spring-cloud-starter-alibaba-nacos-discovery-2023.0.1.0.jar:2023.0.1.0]
	at org.springframework.cloud.client.discovery.composite.CompositeDiscoveryClient.getServices(CompositeDiscoveryClient.java:68) ~[spring-cloud-commons-4.1.3.jar:4.1.3]
	at com.github.xiaoymin.knife4j.spring.gateway.discover.ServiceChangeListener.discover(ServiceChangeListener.java:49) ~[knife4j-gateway-spring-boot-starter-4.3.0.jar:?]
	at jdk.internal.reflect.GeneratedMethodAccessor96.invoke(Unknown Source) ~[?:?]
	at java.base/jdk.internal.reflect.DelegatingMethodAccessorImpl.invoke(DelegatingMethodAccessorImpl.java:43) ~[?:?]
	at java.base/java.lang.reflect.Method.invoke(Method.java:568) ~[?:?]
	at org.springframework.context.event.ApplicationListenerMethodAdapter.doInvoke(ApplicationListenerMethodAdapter.java:365) ~[spring-context-6.1.8.jar:6.1.8]
	at org.springframework.context.event.ApplicationListenerMethodAdapter.processEvent(ApplicationListenerMethodAdapter.java:237) ~[spring-context-6.1.8.jar:6.1.8]
	at org.springframework.context.event.ApplicationListenerMethodAdapter.onApplicationEvent(ApplicationListenerMethodAdapter.java:168) ~[spring-context-6.1.8.jar:6.1.8]
	at org.springframework.context.event.SimpleApplicationEventMulticaster.doInvokeListener(SimpleApplicationEventMulticaster.java:185) ~[spring-context-6.1.8.jar:6.1.8]
	at org.springframework.context.event.SimpleApplicationEventMulticaster.invokeListener(SimpleApplicationEventMulticaster.java:178) ~[spring-context-6.1.8.jar:6.1.8]
	at org.springframework.context.event.SimpleApplicationEventMulticaster.multicastEvent(SimpleApplicationEventMulticaster.java:156) ~[spring-context-6.1.8.jar:6.1.8]
	at org.springframework.context.support.AbstractApplicationContext.publishEvent(AbstractApplicationContext.java:451) ~[spring-context-6.1.8.jar:6.1.8]
	at org.springframework.context.support.AbstractApplicationContext.publishEvent(AbstractApplicationContext.java:384) ~[spring-context-6.1.8.jar:6.1.8]
	at org.springframework.cloud.gateway.route.RouteRefreshListener.reset(RouteRefreshListener.java:73) ~[spring-cloud-gateway-server-4.1.4.jar:4.1.4]
	at org.springframework.cloud.gateway.route.RouteRefreshListener.resetIfNeeded(RouteRefreshListener.java:68) ~[spring-cloud-gateway-server-4.1.4.jar:4.1.4]
	at org.springframework.cloud.gateway.route.RouteRefreshListener.onApplicationEvent(RouteRefreshListener.java:62) ~[spring-cloud-gateway-server-4.1.4.jar:4.1.4]
	at org.springframework.context.event.SimpleApplicationEventMulticaster.doInvokeListener(SimpleApplicationEventMulticaster.java:185) ~[spring-context-6.1.8.jar:6.1.8]
	at org.springframework.context.event.SimpleApplicationEventMulticaster.invokeListener(SimpleApplicationEventMulticaster.java:178) ~[spring-context-6.1.8.jar:6.1.8]
	at org.springframework.context.event.SimpleApplicationEventMulticaster.multicastEvent(SimpleApplicationEventMulticaster.java:156) ~[spring-context-6.1.8.jar:6.1.8]
	at org.springframework.context.support.AbstractApplicationContext.publishEvent(AbstractApplicationContext.java:451) ~[spring-context-6.1.8.jar:6.1.8]
	at org.springframework.context.support.AbstractApplicationContext.publishEvent(AbstractApplicationContext.java:384) ~[spring-context-6.1.8.jar:6.1.8]
	at com.alibaba.cloud.nacos.discovery.NacosDiscoveryHeartBeatPublisher.publishHeartBeat(NacosDiscoveryHeartBeatPublisher.java:104) ~[spring-cloud-starter-alibaba-nacos-discovery-2023.0.1.0.jar:2023.0.1.0]
	at org.springframework.scheduling.support.DelegatingErrorHandlingRunnable.run(DelegatingErrorHandlingRunnable.java:54) [spring-context-6.1.8.jar:6.1.8]
	at java.base/java.util.concurrent.Executors$RunnableAdapter.call(Executors.java:539) [?:?]
	at java.base/java.util.concurrent.FutureTask.runAndReset(FutureTask.java:305) [?:?]
	at java.base/java.util.concurrent.ScheduledThreadPoolExecutor$ScheduledFutureTask.run(ScheduledThreadPoolExecutor.java:305) [?:?]
	at java.base/java.util.concurrent.ThreadPoolExecutor.runWorker(ThreadPoolExecutor.java:1136) [?:?]
	at java.base/java.util.concurrent.ThreadPoolExecutor$Worker.run(ThreadPoolExecutor.java:635) [?:?]
	at java.base/java.lang.Thread.run(Thread.java:833) [?:?]
Caused by: java.util.concurrent.TimeoutException: Waited 3000 milliseconds (plus 8 milliseconds, 324900 nanoseconds delay) for com.alibaba.nacos.shaded.io.grpc.stub.ClientCalls$GrpcFuture@43f47c9e[status=PENDING, info=[GrpcFuture{clientCall=ClientCallImpl{method=MethodDescriptor{fullMethodName=Request/request, type=UNARY, idempotent=false, safe=false, sampledToLocalTracing=true, requestMarshaller=com.alibaba.nacos.shaded.io.grpc.protobuf.lite.ProtoLiteUtils$MessageMarshaller@2b5bd5c4, responseMarshaller=com.alibaba.nacos.shaded.io.grpc.protobuf.lite.ProtoLiteUtils$MessageMarshaller@3594ce5c, schemaDescriptor=com.alibaba.nacos.api.grpc.auto.RequestGrpc$RequestMethodDescriptorSupplier@127848c4}}}]]
	at com.alibaba.nacos.shaded.com.google.common.util.concurrent.AbstractFuture.get(AbstractFuture.java:531) ~[nacos-client-2.3.2.jar:?]
	at com.alibaba.nacos.common.remote.client.grpc.GrpcConnection.request(GrpcConnection.java:79) ~[nacos-client-2.3.2.jar:?]
	... 38 more
[gateway-service] [] 2025-01-14 14:50:37 ERROR client:102 - Send request fail, request = ServiceListRequest{headers={accessToken=eyJhbGciOiJIUzUxMiJ9.eyJzdWIiOiJuYWNvcyIsImV4cCI6MTczNTQzMDYyMn0.MRRk5FsBlri1UTzhRi8u83fYTOmY_rLV8yw9upEJMHlbD9Jh2kGc_QsPV91QcKKS5elktS-XShfgo6plRAxR9Q, app=unknown}, requestId='null'}, retryTimes = 0, errorMessage = Client not connected, current status:UNHEALTHY
[gateway-service] [] 2025-01-14 14:50:37 ERROR client:102 - Send request fail, request = ServiceListRequest{headers={accessToken=eyJhbGciOiJIUzUxMiJ9.eyJzdWIiOiJuYWNvcyIsImV4cCI6MTczNTQzMDYyMn0.MRRk5FsBlri1UTzhRi8u83fYTOmY_rLV8yw9upEJMHlbD9Jh2kGc_QsPV91QcKKS5elktS-XShfgo6plRAxR9Q, app=unknown}, requestId='null'}, retryTimes = 0, errorMessage = Client not connected, current status:UNHEALTHY
[gateway-service] [] 2025-01-14 14:50:37 ERROR client:102 - Send request fail, request = ServiceListRequest{headers={accessToken=eyJhbGciOiJIUzUxMiJ9.eyJzdWIiOiJuYWNvcyIsImV4cCI6MTczNTQzMDYyMn0.MRRk5FsBlri1UTzhRi8u83fYTOmY_rLV8yw9upEJMHlbD9Jh2kGc_QsPV91QcKKS5elktS-XShfgo6plRAxR9Q, app=unknown}, requestId='null'}, retryTimes = 1, errorMessage = Client not connected, current status:UNHEALTHY
[gateway-service] [] 2025-01-14 14:50:37 ERROR client:102 - Send request fail, request = ServiceListRequest{headers={accessToken=eyJhbGciOiJIUzUxMiJ9.eyJzdWIiOiJuYWNvcyIsImV4cCI6MTczNTQzMDYyMn0.MRRk5FsBlri1UTzhRi8u83fYTOmY_rLV8yw9upEJMHlbD9Jh2kGc_QsPV91QcKKS5elktS-XShfgo6plRAxR9Q, app=unknown}, requestId='null'}, retryTimes = 1, errorMessage = Client not connected, current status:UNHEALTHY
[gateway-service] [] 2025-01-14 14:50:37 ERROR client:102 - Send request fail, request = ServiceListRequest{headers={accessToken=eyJhbGciOiJIUzUxMiJ9.eyJzdWIiOiJuYWNvcyIsImV4cCI6MTczNTQzMDYyMn0.MRRk5FsBlri1UTzhRi8u83fYTOmY_rLV8yw9upEJMHlbD9Jh2kGc_QsPV91QcKKS5elktS-XShfgo6plRAxR9Q, app=unknown}, requestId='null'}, retryTimes = 2, errorMessage = Client not connected, current status:UNHEALTHY
[gateway-service] [] 2025-01-14 14:50:37 ERROR client:102 - Send request fail, request = ServiceListRequest{headers={accessToken=eyJhbGciOiJIUzUxMiJ9.eyJzdWIiOiJuYWNvcyIsImV4cCI6MTczNTQzMDYyMn0.MRRk5FsBlri1UTzhRi8u83fYTOmY_rLV8yw9upEJMHlbD9Jh2kGc_QsPV91QcKKS5elktS-XShfgo6plRAxR9Q, app=unknown}, requestId='null'}, retryTimes = 2, errorMessage = Client not connected, current status:UNHEALTHY
[gateway-service] [] 2025-01-14 14:50:37 ERROR client:102 - Send request fail, request = ServiceListRequest{headers={accessToken=eyJhbGciOiJIUzUxMiJ9.eyJzdWIiOiJuYWNvcyIsImV4cCI6MTczNTQzMDYyMn0.MRRk5FsBlri1UTzhRi8u83fYTOmY_rLV8yw9upEJMHlbD9Jh2kGc_QsPV91QcKKS5elktS-XShfgo6plRAxR9Q, app=unknown}, requestId='null'}, retryTimes = 3, errorMessage = Client not connected, current status:UNHEALTHY
[gateway-service] [] 2025-01-14 14:50:37 ERROR client:102 - Send request fail, request = ServiceListRequest{headers={accessToken=eyJhbGciOiJIUzUxMiJ9.eyJzdWIiOiJuYWNvcyIsImV4cCI6MTczNTQzMDYyMn0.MRRk5FsBlri1UTzhRi8u83fYTOmY_rLV8yw9upEJMHlbD9Jh2kGc_QsPV91QcKKS5elktS-XShfgo6plRAxR9Q, app=unknown}, requestId='null'}, retryTimes = 3, errorMessage = Client not connected, current status:UNHEALTHY
[gateway-service] [] 2025-01-14 14:50:37 ERROR NacosReactiveDiscoveryClient:94 - get services from nacos server fail,
com.alibaba.nacos.api.exception.NacosException: Client not connected, current status:UNHEALTHY
	at com.alibaba.nacos.common.remote.client.RpcClient.request(RpcClient.java:644) ~[nacos-client-2.3.2.jar:?]
	at com.alibaba.nacos.common.remote.client.RpcClient.request(RpcClient.java:623) ~[nacos-client-2.3.2.jar:?]
	at com.alibaba.nacos.client.naming.remote.gprc.NamingGrpcClientProxy.requestToServer(NamingGrpcClientProxy.java:447) ~[nacos-client-2.3.2.jar:?]
	at com.alibaba.nacos.client.naming.remote.gprc.NamingGrpcClientProxy.getServiceList(NamingGrpcClientProxy.java:368) ~[nacos-client-2.3.2.jar:?]
	at com.alibaba.nacos.client.naming.remote.NamingClientProxyDelegate.getServiceList(NamingClientProxyDelegate.java:159) ~[nacos-client-2.3.2.jar:?]
	at com.alibaba.nacos.client.naming.NacosNamingService.getServicesOfServer(NacosNamingService.java:470) ~[nacos-client-2.3.2.jar:?]
	at com.alibaba.nacos.client.naming.NacosNamingService.getServicesOfServer(NacosNamingService.java:458) ~[nacos-client-2.3.2.jar:?]
	at com.alibaba.cloud.nacos.discovery.NacosServiceDiscovery.getServices(NacosServiceDiscovery.java:70) ~[spring-cloud-starter-alibaba-nacos-discovery-2023.0.1.0.jar:2023.0.1.0]
	at com.alibaba.cloud.nacos.discovery.reactive.NacosReactiveDiscoveryClient.lambda$getServices$3(NacosReactiveDiscoveryClient.java:87) ~[spring-cloud-starter-alibaba-nacos-discovery-2023.0.1.0.jar:2023.0.1.0]
	at reactor.core.publisher.FluxDefer.subscribe(FluxDefer.java:46) [reactor-core-3.6.6.jar:3.6.6]
	at reactor.core.publisher.FluxSubscribeOn$SubscribeOnSubscriber.run(FluxSubscribeOn.java:194) [reactor-core-3.6.6.jar:3.6.6]
	at reactor.core.scheduler.WorkerTask.call(WorkerTask.java:84) [reactor-core-3.6.6.jar:3.6.6]
	at reactor.core.scheduler.WorkerTask.call(WorkerTask.java:37) [reactor-core-3.6.6.jar:3.6.6]
	at java.base/java.util.concurrent.FutureTask.run(FutureTask.java:264) [?:?]
	at java.base/java.util.concurrent.ScheduledThreadPoolExecutor$ScheduledFutureTask.run(ScheduledThreadPoolExecutor.java:304) [?:?]
	at java.base/java.util.concurrent.ThreadPoolExecutor.runWorker(ThreadPoolExecutor.java:1136) [?:?]
	at java.base/java.util.concurrent.ThreadPoolExecutor$Worker.run(ThreadPoolExecutor.java:635) [?:?]
	at java.base/java.lang.Thread.run(Thread.java:833) [?:?]
[gateway-service] [] 2025-01-14 14:50:37 ERROR NacosDiscoveryClient:86 - get service name from nacos server failed.
com.alibaba.nacos.api.exception.NacosException: Client not connected, current status:UNHEALTHY
	at com.alibaba.nacos.common.remote.client.RpcClient.request(RpcClient.java:644) ~[nacos-client-2.3.2.jar:?]
	at com.alibaba.nacos.common.remote.client.RpcClient.request(RpcClient.java:623) ~[nacos-client-2.3.2.jar:?]
	at com.alibaba.nacos.client.naming.remote.gprc.NamingGrpcClientProxy.requestToServer(NamingGrpcClientProxy.java:447) ~[nacos-client-2.3.2.jar:?]
	at com.alibaba.nacos.client.naming.remote.gprc.NamingGrpcClientProxy.getServiceList(NamingGrpcClientProxy.java:368) ~[nacos-client-2.3.2.jar:?]
	at com.alibaba.nacos.client.naming.remote.NamingClientProxyDelegate.getServiceList(NamingClientProxyDelegate.java:159) ~[nacos-client-2.3.2.jar:?]
	at com.alibaba.nacos.client.naming.NacosNamingService.getServicesOfServer(NacosNamingService.java:470) ~[nacos-client-2.3.2.jar:?]
	at com.alibaba.nacos.client.naming.NacosNamingService.getServicesOfServer(NacosNamingService.java:458) ~[nacos-client-2.3.2.jar:?]
	at com.alibaba.cloud.nacos.discovery.NacosServiceDiscovery.getServices(NacosServiceDiscovery.java:70) ~[spring-cloud-starter-alibaba-nacos-discovery-2023.0.1.0.jar:2023.0.1.0]
	at com.alibaba.cloud.nacos.discovery.NacosDiscoveryClient.getServices(NacosDiscoveryClient.java:80) ~[spring-cloud-starter-alibaba-nacos-discovery-2023.0.1.0.jar:2023.0.1.0]
	at org.springframework.cloud.client.discovery.composite.CompositeDiscoveryClient.getServices(CompositeDiscoveryClient.java:68) ~[spring-cloud-commons-4.1.3.jar:4.1.3]
	at com.github.xiaoymin.knife4j.spring.gateway.discover.ServiceChangeListener.discover(ServiceChangeListener.java:49) ~[knife4j-gateway-spring-boot-starter-4.3.0.jar:?]
	at jdk.internal.reflect.GeneratedMethodAccessor96.invoke(Unknown Source) ~[?:?]
	at java.base/jdk.internal.reflect.DelegatingMethodAccessorImpl.invoke(DelegatingMethodAccessorImpl.java:43) ~[?:?]
	at java.base/java.lang.reflect.Method.invoke(Method.java:568) ~[?:?]
	at org.springframework.context.event.ApplicationListenerMethodAdapter.doInvoke(ApplicationListenerMethodAdapter.java:365) ~[spring-context-6.1.8.jar:6.1.8]
	at org.springframework.context.event.ApplicationListenerMethodAdapter.processEvent(ApplicationListenerMethodAdapter.java:237) ~[spring-context-6.1.8.jar:6.1.8]
	at org.springframework.context.event.ApplicationListenerMethodAdapter.onApplicationEvent(ApplicationListenerMethodAdapter.java:168) ~[spring-context-6.1.8.jar:6.1.8]
	at org.springframework.context.event.SimpleApplicationEventMulticaster.doInvokeListener(SimpleApplicationEventMulticaster.java:185) ~[spring-context-6.1.8.jar:6.1.8]
	at org.springframework.context.event.SimpleApplicationEventMulticaster.invokeListener(SimpleApplicationEventMulticaster.java:178) ~[spring-context-6.1.8.jar:6.1.8]
	at org.springframework.context.event.SimpleApplicationEventMulticaster.multicastEvent(SimpleApplicationEventMulticaster.java:156) ~[spring-context-6.1.8.jar:6.1.8]
	at org.springframework.context.support.AbstractApplicationContext.publishEvent(AbstractApplicationContext.java:451) ~[spring-context-6.1.8.jar:6.1.8]
	at org.springframework.context.support.AbstractApplicationContext.publishEvent(AbstractApplicationContext.java:384) ~[spring-context-6.1.8.jar:6.1.8]
	at com.alibaba.cloud.nacos.discovery.NacosDiscoveryHeartBeatPublisher.publishHeartBeat(NacosDiscoveryHeartBeatPublisher.java:104) ~[spring-cloud-starter-alibaba-nacos-discovery-2023.0.1.0.jar:2023.0.1.0]
	at org.springframework.scheduling.support.DelegatingErrorHandlingRunnable.run(DelegatingErrorHandlingRunnable.java:54) [spring-context-6.1.8.jar:6.1.8]
	at java.base/java.util.concurrent.Executors$RunnableAdapter.call(Executors.java:539) [?:?]
	at java.base/java.util.concurrent.FutureTask.runAndReset(FutureTask.java:305) [?:?]
	at java.base/java.util.concurrent.ScheduledThreadPoolExecutor$ScheduledFutureTask.run(ScheduledThreadPoolExecutor.java:305) [?:?]
	at java.base/java.util.concurrent.ThreadPoolExecutor.runWorker(ThreadPoolExecutor.java:1136) [?:?]
	at java.base/java.util.concurrent.ThreadPoolExecutor$Worker.run(ThreadPoolExecutor.java:635) [?:?]
	at java.base/java.lang.Thread.run(Thread.java:833) [?:?]
[gateway-service] [] 2025-01-14 14:50:37 ERROR client:102 - Send request fail, request = ServiceListRequest{headers={accessToken=eyJhbGciOiJIUzUxMiJ9.eyJzdWIiOiJuYWNvcyIsImV4cCI6MTczNTQzMDYyMn0.MRRk5FsBlri1UTzhRi8u83fYTOmY_rLV8yw9upEJMHlbD9Jh2kGc_QsPV91QcKKS5elktS-XShfgo6plRAxR9Q, app=unknown}, requestId='null'}, retryTimes = 0, errorMessage = Client not connected, current status:UNHEALTHY
[gateway-service] [] 2025-01-14 14:50:37 ERROR client:102 - Send request fail, request = ServiceListRequest{headers={accessToken=eyJhbGciOiJIUzUxMiJ9.eyJzdWIiOiJuYWNvcyIsImV4cCI6MTczNTQzMDYyMn0.MRRk5FsBlri1UTzhRi8u83fYTOmY_rLV8yw9upEJMHlbD9Jh2kGc_QsPV91QcKKS5elktS-XShfgo6plRAxR9Q, app=unknown}, requestId='null'}, retryTimes = 1, errorMessage = Client not connected, current status:UNHEALTHY
